<?xml version="1.0" encoding="UTF-8"?>
<coverage generated="1539229737916" clover="3.2.0">
  <project timestamp="1539229737916" name="All files">
    <metrics statements="75" coveredstatements="5" conditionals="11" coveredconditionals="0" methods="25" coveredmethods="1" elements="111" coveredelements="6" complexity="0" loc="75" ncloc="75" packages="2" files="4" classes="4">
      <package name="src">
        <metrics statements="12" coveredstatements="0" conditionals="2" coveredconditionals="0" methods="7" coveredmethods="0"/>
        <file name="EventBus.js" path="/Users/sborana/Documents/projects/risk-ident/packages/challenge/src/EventBus.js">
          <metrics statements="10" coveredstatements="0" conditionals="2" coveredconditionals="0" methods="5" coveredmethods="0"/>
          <line num="4" count="0" type="cond" truecount="0" falsecount="2"/>
          <line num="5" count="0" type="stmt"/>
          <line num="7" count="0" type="stmt"/>
          <line num="8" count="0" type="stmt"/>
          <line num="11" count="0" type="stmt"/>
          <line num="14" count="0" type="stmt"/>
          <line num="18" count="0" type="stmt"/>
          <line num="22" count="0" type="stmt"/>
          <line num="23" count="0" type="stmt"/>
          <line num="24" count="0" type="stmt"/>
        </file>
        <file name="Utils.js" path="/Users/sborana/Documents/projects/risk-ident/packages/challenge/src/Utils.js">
          <metrics statements="2" coveredstatements="0" conditionals="0" coveredconditionals="0" methods="2" coveredmethods="0"/>
          <line num="3" count="0" type="stmt"/>
          <line num="7" count="0" type="stmt"/>
        </file>
      </package>
      <package name="src.components.Notification">
        <metrics statements="63" coveredstatements="5" conditionals="9" coveredconditionals="0" methods="18" coveredmethods="1"/>
        <file name="notification-component.js" path="/Users/sborana/Documents/projects/risk-ident/packages/challenge/src/components/Notification/notification-component.js">
          <metrics statements="31" coveredstatements="5" conditionals="4" coveredconditionals="0" methods="9" coveredmethods="1"/>
          <line num="4" count="1" type="stmt"/>
          <line num="5" count="1" type="stmt"/>
          <line num="118" count="0" type="stmt"/>
          <line num="119" count="0" type="stmt"/>
          <line num="120" count="0" type="stmt"/>
          <line num="121" count="0" type="stmt"/>
          <line num="122" count="0" type="stmt"/>
          <line num="123" count="0" type="stmt"/>
          <line num="124" count="0" type="stmt"/>
          <line num="125" count="0" type="stmt"/>
          <line num="126" count="0" type="stmt"/>
          <line num="130" count="0" type="stmt"/>
          <line num="131" count="0" type="stmt"/>
          <line num="132" count="0" type="stmt"/>
          <line num="137" count="0" type="stmt"/>
          <line num="141" count="0" type="stmt"/>
          <line num="142" count="0" type="stmt"/>
          <line num="143" count="0" type="cond" truecount="0" falsecount="2"/>
          <line num="144" count="0" type="stmt"/>
          <line num="147" count="0" type="stmt"/>
          <line num="152" count="0" type="stmt"/>
          <line num="153" count="0" type="cond" truecount="0" falsecount="2"/>
          <line num="154" count="0" type="stmt"/>
          <line num="155" count="0" type="stmt"/>
          <line num="160" count="0" type="stmt"/>
          <line num="161" count="0" type="stmt"/>
          <line num="164" count="0" type="stmt"/>
          <line num="172" count="0" type="stmt"/>
          <line num="182" count="1" type="stmt"/>
          <line num="183" count="1" type="stmt"/>
          <line num="184" count="1" type="stmt"/>
        </file>
        <file name="notification.js" path="/Users/sborana/Documents/projects/risk-ident/packages/challenge/src/components/Notification/notification.js">
          <metrics statements="32" coveredstatements="0" conditionals="5" coveredconditionals="0" methods="9" coveredmethods="0"/>
          <line num="6" count="0" type="stmt"/>
          <line num="7" count="0" type="stmt"/>
          <line num="10" count="0" type="stmt"/>
          <line num="11" count="0" type="stmt"/>
          <line num="12" count="0" type="stmt"/>
          <line num="13" count="0" type="stmt"/>
          <line num="14" count="0" type="stmt"/>
          <line num="15" count="0" type="stmt"/>
          <line num="16" count="0" type="stmt"/>
          <line num="17" count="0" type="stmt"/>
          <line num="18" count="0" type="stmt"/>
          <line num="22" count="0" type="stmt"/>
          <line num="23" count="0" type="stmt"/>
          <line num="37" count="0" type="stmt"/>
          <line num="41" count="0" type="stmt"/>
          <line num="42" count="0" type="cond" truecount="0" falsecount="5"/>
          <line num="43" count="0" type="stmt"/>
          <line num="44" count="0" type="stmt"/>
          <line num="46" count="0" type="stmt"/>
          <line num="47" count="0" type="stmt"/>
          <line num="49" count="0" type="stmt"/>
          <line num="50" count="0" type="stmt"/>
          <line num="52" count="0" type="stmt"/>
          <line num="53" count="0" type="stmt"/>
          <line num="55" count="0" type="stmt"/>
          <line num="57" count="0" type="stmt"/>
          <line num="61" count="0" type="stmt"/>
          <line num="66" count="0" type="stmt"/>
          <line num="67" count="0" type="stmt"/>
          <line num="68" count="0" type="stmt"/>
          <line num="78" count="0" type="stmt"/>
          <line num="82" count="0" type="stmt"/>
        </file>
      </package>
    </metrics>
  </project>
</coverage>
