{"/Users/sborana/Documents/projects/risk-ident/packages/challenge/src/EventBus.js": {"path":"/Users/sborana/Documents/projects/risk-ident/packages/challenge/src/EventBus.js","statementMap":{"0":{"start":{"line":4,"column":8},"end":{"line":6,"column":9}},"1":{"start":{"line":5,"column":12},"end":{"line":5,"column":36}},"2":{"start":{"line":7,"column":8},"end":{"line":7,"column":27}},"3":{"start":{"line":8,"column":8},"end":{"line":8,"column":33}},"4":{"start":{"line":11,"column":8},"end":{"line":11,"column":30}},"5":{"start":{"line":14,"column":29},"end":{"line":17,"column":9}},"6":{"start":{"line":18,"column":8},"end":{"line":18,"column":40}},"7":{"start":{"line":22,"column":27},"end":{"line":22,"column":87}},"8":{"start":{"line":22,"column":59},"end":{"line":22,"column":86}},"9":{"start":{"line":23,"column":8},"end":{"line":25,"column":9}},"10":{"start":{"line":24,"column":12},"end":{"line":24,"column":38}}},"fnMap":{"0":{"name":"(anonymous_0)","decl":{"start":{"line":3,"column":4},"end":{"line":3,"column":5}},"loc":{"start":{"line":3,"column":17},"end":{"line":9,"column":5}},"line":3},"1":{"name":"(anonymous_1)","decl":{"start":{"line":10,"column":4},"end":{"line":10,"column":5}},"loc":{"start":{"line":10,"column":24},"end":{"line":12,"column":5}},"line":10},"2":{"name":"(anonymous_2)","decl":{"start":{"line":13,"column":4},"end":{"line":13,"column":5}},"loc":{"start":{"line":13,"column":32},"end":{"line":19,"column":5}},"line":13},"3":{"name":"(anonymous_3)","decl":{"start":{"line":21,"column":4},"end":{"line":21,"column":5}},"loc":{"start":{"line":21,"column":27},"end":{"line":26,"column":5}},"line":21},"4":{"name":"(anonymous_4)","decl":{"start":{"line":22,"column":48},"end":{"line":22,"column":49}},"loc":{"start":{"line":22,"column":59},"end":{"line":22,"column":86}},"line":22}},"branchMap":{"0":{"loc":{"start":{"line":4,"column":8},"end":{"line":6,"column":9}},"type":"if","locations":[{"start":{"line":4,"column":8},"end":{"line":6,"column":9}},{"start":{"line":4,"column":8},"end":{"line":6,"column":9}}],"line":4}},"s":{"0":0,"1":0,"2":0,"3":0,"4":0,"5":0,"6":0,"7":0,"8":0,"9":0,"10":0},"f":{"0":0,"1":0,"2":0,"3":0,"4":0},"b":{"0":[0,0]},"_coverageSchema":"332fd63041d2c1bcb487cc26dd0d5f7d97098a6c","hash":"0ed5a43ff6664236dce967db77e3e181db83e35c"}
,"/Users/sborana/Documents/projects/risk-ident/packages/challenge/src/Utils.js": {"path":"/Users/sborana/Documents/projects/risk-ident/packages/challenge/src/Utils.js","statementMap":{"0":{"start":{"line":3,"column":6},"end":{"line":5,"column":22}},"1":{"start":{"line":7,"column":4},"end":{"line":7,"column":89}}},"fnMap":{"0":{"name":"guid","decl":{"start":{"line":1,"column":9},"end":{"line":1,"column":13}},"loc":{"start":{"line":1,"column":16},"end":{"line":8,"column":1}},"line":1},"1":{"name":"s4","decl":{"start":{"line":2,"column":13},"end":{"line":2,"column":15}},"loc":{"start":{"line":2,"column":18},"end":{"line":6,"column":5}},"line":2}},"branchMap":{},"s":{"0":0,"1":0},"f":{"0":0,"1":0},"b":{},"_coverageSchema":"332fd63041d2c1bcb487cc26dd0d5f7d97098a6c","hash":"38b5791939b636c57dacda0be579f9ecaa83c686"}
,"/Users/sborana/Documents/projects/risk-ident/packages/challenge/src/components/Notification/notification-component.js": {"path":"/Users/sborana/Documents/projects/risk-ident/packages/challenge/src/components/Notification/notification-component.js","statementMap":{"0":{"start":{"line":4,"column":31},"end":{"line":4,"column":65}},"1":{"start":{"line":5,"column":1},"end":{"line":112,"column":3}},"2":{"start":{"line":118,"column":2},"end":{"line":118,"column":10}},"3":{"start":{"line":119,"column":2},"end":{"line":119,"column":28}},"4":{"start":{"line":120,"column":2},"end":{"line":120,"column":25}},"5":{"start":{"line":121,"column":2},"end":{"line":121,"column":33}},"6":{"start":{"line":122,"column":2},"end":{"line":122,"column":38}},"7":{"start":{"line":123,"column":2},"end":{"line":123,"column":77}},"8":{"start":{"line":124,"column":2},"end":{"line":124,"column":41}},"9":{"start":{"line":125,"column":2},"end":{"line":125,"column":83}},"10":{"start":{"line":126,"column":2},"end":{"line":126,"column":84}},"11":{"start":{"line":130,"column":2},"end":{"line":130,"column":32}},"12":{"start":{"line":131,"column":2},"end":{"line":133,"column":3}},"13":{"start":{"line":132,"column":3},"end":{"line":132,"column":61}},"14":{"start":{"line":137,"column":2},"end":{"line":137,"column":18}},"15":{"start":{"line":141,"column":2},"end":{"line":141,"column":23}},"16":{"start":{"line":142,"column":23},"end":{"line":142,"column":57}},"17":{"start":{"line":143,"column":2},"end":{"line":148,"column":3}},"18":{"start":{"line":144,"column":3},"end":{"line":144,"column":68}},"19":{"start":{"line":147,"column":3},"end":{"line":147,"column":47}},"20":{"start":{"line":152,"column":2},"end":{"line":152,"column":23}},"21":{"start":{"line":153,"column":2},"end":{"line":156,"column":3}},"22":{"start":{"line":154,"column":3},"end":{"line":154,"column":84}},"23":{"start":{"line":155,"column":3},"end":{"line":155,"column":99}},"24":{"start":{"line":160,"column":15},"end":{"line":160,"column":49}},"25":{"start":{"line":161,"column":2},"end":{"line":163,"column":4}},"26":{"start":{"line":164,"column":2},"end":{"line":164,"column":14}},"27":{"start":{"line":172,"column":2},"end":{"line":172,"column":28}},"28":{"start":{"line":182,"column":0},"end":{"line":185,"column":4}},"29":{"start":{"line":183,"column":1},"end":{"line":183,"column":63}},"30":{"start":{"line":184,"column":1},"end":{"line":184,"column":77}}},"fnMap":{"0":{"name":"(anonymous_0)","decl":{"start":{"line":117,"column":1},"end":{"line":117,"column":2}},"loc":{"start":{"line":117,"column":14},"end":{"line":127,"column":2}},"line":117},"1":{"name":"(anonymous_1)","decl":{"start":{"line":129,"column":1},"end":{"line":129,"column":2}},"loc":{"start":{"line":129,"column":18},"end":{"line":134,"column":2}},"line":129},"2":{"name":"(anonymous_2)","decl":{"start":{"line":136,"column":1},"end":{"line":136,"column":2}},"loc":{"start":{"line":136,"column":32},"end":{"line":138,"column":2}},"line":136},"3":{"name":"(anonymous_3)","decl":{"start":{"line":140,"column":1},"end":{"line":140,"column":2}},"loc":{"start":{"line":140,"column":25},"end":{"line":149,"column":2}},"line":140},"4":{"name":"(anonymous_4)","decl":{"start":{"line":151,"column":1},"end":{"line":151,"column":2}},"loc":{"start":{"line":151,"column":24},"end":{"line":157,"column":2}},"line":151},"5":{"name":"(anonymous_5)","decl":{"start":{"line":159,"column":1},"end":{"line":159,"column":2}},"loc":{"start":{"line":159,"column":30},"end":{"line":165,"column":2}},"line":159},"6":{"name":"(anonymous_6)","decl":{"start":{"line":168,"column":1},"end":{"line":168,"column":2}},"loc":{"start":{"line":168,"column":20},"end":{"line":173,"column":2}},"line":168},"7":{"name":"(anonymous_7)","decl":{"start":{"line":176,"column":1},"end":{"line":176,"column":2}},"loc":{"start":{"line":176,"column":23},"end":{"line":178,"column":2}},"line":176},"8":{"name":"(anonymous_8)","decl":{"start":{"line":182,"column":1},"end":{"line":182,"column":2}},"loc":{"start":{"line":182,"column":11},"end":{"line":185,"column":1}},"line":182}},"branchMap":{"0":{"loc":{"start":{"line":143,"column":2},"end":{"line":148,"column":3}},"type":"if","locations":[{"start":{"line":143,"column":2},"end":{"line":148,"column":3}},{"start":{"line":143,"column":2},"end":{"line":148,"column":3}}],"line":143},"1":{"loc":{"start":{"line":153,"column":2},"end":{"line":156,"column":3}},"type":"if","locations":[{"start":{"line":153,"column":2},"end":{"line":156,"column":3}},{"start":{"line":153,"column":2},"end":{"line":156,"column":3}}],"line":153}},"s":{"0":1,"1":1,"2":0,"3":0,"4":0,"5":0,"6":0,"7":0,"8":0,"9":0,"10":0,"11":0,"12":0,"13":0,"14":0,"15":0,"16":0,"17":0,"18":0,"19":0,"20":0,"21":0,"22":0,"23":0,"24":0,"25":0,"26":0,"27":0,"28":1,"29":1,"30":1},"f":{"0":0,"1":0,"2":0,"3":0,"4":0,"5":0,"6":0,"7":0,"8":1},"b":{"0":[0,0],"1":[0,0]},"_coverageSchema":"332fd63041d2c1bcb487cc26dd0d5f7d97098a6c","hash":"cdaa4532e9c67db8a9d41506335e9ee36654f431"}
,"/Users/sborana/Documents/projects/risk-ident/packages/challenge/src/components/Notification/notification.js": {"path":"/Users/sborana/Documents/projects/risk-ident/packages/challenge/src/components/Notification/notification.js","statementMap":{"0":{"start":{"line":6,"column":2},"end":{"line":6,"column":10}},"1":{"start":{"line":7,"column":2},"end":{"line":7,"column":59}},"2":{"start":{"line":10,"column":19},"end":{"line":10,"column":37}},"3":{"start":{"line":11,"column":2},"end":{"line":11,"column":53}},"4":{"start":{"line":12,"column":2},"end":{"line":12,"column":47}},"5":{"start":{"line":13,"column":2},"end":{"line":13,"column":53}},"6":{"start":{"line":14,"column":2},"end":{"line":14,"column":59}},"7":{"start":{"line":15,"column":2},"end":{"line":15,"column":56}},"8":{"start":{"line":16,"column":2},"end":{"line":16,"column":20}},"9":{"start":{"line":17,"column":2},"end":{"line":17,"column":41}},"10":{"start":{"line":18,"column":2},"end":{"line":18,"column":19}},"11":{"start":{"line":22,"column":19},"end":{"line":22,"column":53}},"12":{"start":{"line":23,"column":2},"end":{"line":36,"column":10}},"13":{"start":{"line":37,"column":2},"end":{"line":37,"column":18}},"14":{"start":{"line":41,"column":13},"end":{"line":41,"column":20}},"15":{"start":{"line":42,"column":2},"end":{"line":56,"column":3}},"16":{"start":{"line":43,"column":16},"end":{"line":43,"column":30}},"17":{"start":{"line":44,"column":3},"end":{"line":44,"column":9}},"18":{"start":{"line":46,"column":19},"end":{"line":46,"column":44}},"19":{"start":{"line":47,"column":3},"end":{"line":47,"column":9}},"20":{"start":{"line":49,"column":19},"end":{"line":49,"column":31}},"21":{"start":{"line":50,"column":3},"end":{"line":50,"column":9}},"22":{"start":{"line":52,"column":17},"end":{"line":52,"column":38}},"23":{"start":{"line":53,"column":3},"end":{"line":53,"column":9}},"24":{"start":{"line":55,"column":12},"end":{"line":55,"column":26}},"25":{"start":{"line":57,"column":2},"end":{"line":57,"column":14}},"26":{"start":{"line":61,"column":2},"end":{"line":61,"column":40}},"27":{"start":{"line":66,"column":2},"end":{"line":69,"column":9}},"28":{"start":{"line":67,"column":3},"end":{"line":67,"column":17}},"29":{"start":{"line":68,"column":3},"end":{"line":68,"column":44}},"30":{"start":{"line":78,"column":2},"end":{"line":78,"column":35}},"31":{"start":{"line":82,"column":2},"end":{"line":82,"column":38}}},"fnMap":{"0":{"name":"(anonymous_0)","decl":{"start":{"line":5,"column":1},"end":{"line":5,"column":2}},"loc":{"start":{"line":5,"column":14},"end":{"line":19,"column":2}},"line":5},"1":{"name":"(anonymous_1)","decl":{"start":{"line":21,"column":1},"end":{"line":21,"column":2}},"loc":{"start":{"line":21,"column":14},"end":{"line":38,"column":2}},"line":21},"2":{"name":"(anonymous_2)","decl":{"start":{"line":40,"column":1},"end":{"line":40,"column":2}},"loc":{"start":{"line":40,"column":22},"end":{"line":58,"column":2}},"line":40},"3":{"name":"(anonymous_3)","decl":{"start":{"line":60,"column":1},"end":{"line":60,"column":2}},"loc":{"start":{"line":60,"column":19},"end":{"line":62,"column":2}},"line":60},"4":{"name":"(anonymous_4)","decl":{"start":{"line":65,"column":1},"end":{"line":65,"column":2}},"loc":{"start":{"line":65,"column":20},"end":{"line":70,"column":2}},"line":65},"5":{"name":"(anonymous_5)","decl":{"start":{"line":66,"column":26},"end":{"line":66,"column":27}},"loc":{"start":{"line":66,"column":30},"end":{"line":69,"column":3}},"line":66},"6":{"name":"(anonymous_6)","decl":{"start":{"line":73,"column":1},"end":{"line":73,"column":2}},"loc":{"start":{"line":73,"column":23},"end":{"line":75,"column":2}},"line":73},"7":{"name":"(anonymous_7)","decl":{"start":{"line":77,"column":1},"end":{"line":77,"column":2}},"loc":{"start":{"line":77,"column":12},"end":{"line":79,"column":2}},"line":77},"8":{"name":"(anonymous_8)","decl":{"start":{"line":81,"column":1},"end":{"line":81,"column":2}},"loc":{"start":{"line":81,"column":20},"end":{"line":83,"column":2}},"line":81}},"branchMap":{"0":{"loc":{"start":{"line":42,"column":2},"end":{"line":56,"column":3}},"type":"switch","locations":[{"start":{"line":43,"column":3},"end":{"line":44,"column":9}},{"start":{"line":46,"column":3},"end":{"line":47,"column":9}},{"start":{"line":49,"column":3},"end":{"line":50,"column":9}},{"start":{"line":52,"column":3},"end":{"line":53,"column":9}},{"start":{"line":55,"column":3},"end":{"line":55,"column":26}}],"line":42}},"s":{"0":0,"1":0,"2":0,"3":0,"4":0,"5":0,"6":0,"7":0,"8":0,"9":0,"10":0,"11":0,"12":0,"13":0,"14":0,"15":0,"16":0,"17":0,"18":0,"19":0,"20":0,"21":0,"22":0,"23":0,"24":0,"25":0,"26":0,"27":0,"28":0,"29":0,"30":0,"31":0},"f":{"0":0,"1":0,"2":0,"3":0,"4":0,"5":0,"6":0,"7":0,"8":0},"b":{"0":[0,0,0,0,0]},"_coverageSchema":"332fd63041d2c1bcb487cc26dd0d5f7d97098a6c","hash":"ebbe31f33e76339cd551e033bdf1b31aa318e4d4"}
}
