TN:
SF:/Users/sborana/Documents/projects/risk-ident/packages/challenge/src/EventBus.js
FN:3,(anonymous_0)
FN:10,(anonymous_1)
FN:13,(anonymous_2)
FN:21,(anonymous_3)
FN:22,(anonymous_4)
FNF:5
FNH:0
FNDA:0,(anonymous_0)
FNDA:0,(anonymous_1)
FNDA:0,(anonymous_2)
FNDA:0,(anonymous_3)
FNDA:0,(anonymous_4)
DA:4,0
DA:5,0
DA:7,0
DA:8,0
DA:11,0
DA:14,0
DA:18,0
DA:22,0
DA:23,0
DA:24,0
LF:10
LH:0
BRDA:4,0,0,0
BRDA:4,0,1,0
BRF:2
BRH:0
end_of_record
TN:
SF:/Users/sborana/Documents/projects/risk-ident/packages/challenge/src/Utils.js
FN:1,guid
FN:2,s4
FNF:2
FNH:0
FNDA:0,guid
FNDA:0,s4
DA:3,0
DA:7,0
LF:2
LH:0
BRF:0
BRH:0
end_of_record
TN:
SF:/Users/sborana/Documents/projects/risk-ident/packages/challenge/src/components/Notification/notification-component.js
FN:117,(anonymous_0)
FN:129,(anonymous_1)
FN:136,(anonymous_2)
FN:140,(anonymous_3)
FN:151,(anonymous_4)
FN:159,(anonymous_5)
FN:168,(anonymous_6)
FN:176,(anonymous_7)
FN:182,(anonymous_8)
FNF:9
FNH:1
FNDA:0,(anonymous_0)
FNDA:0,(anonymous_1)
FNDA:0,(anonymous_2)
FNDA:0,(anonymous_3)
FNDA:0,(anonymous_4)
FNDA:0,(anonymous_5)
FNDA:0,(anonymous_6)
FNDA:0,(anonymous_7)
FNDA:1,(anonymous_8)
DA:4,1
DA:5,1
DA:118,0
DA:119,0
DA:120,0
DA:121,0
DA:122,0
DA:123,0
DA:124,0
DA:125,0
DA:126,0
DA:130,0
DA:131,0
DA:132,0
DA:137,0
DA:141,0
DA:142,0
DA:143,0
DA:144,0
DA:147,0
DA:152,0
DA:153,0
DA:154,0
DA:155,0
DA:160,0
DA:161,0
DA:164,0
DA:172,0
DA:182,1
DA:183,1
DA:184,1
LF:31
LH:5
BRDA:143,0,0,0
BRDA:143,0,1,0
BRDA:153,1,0,0
BRDA:153,1,1,0
BRF:4
BRH:0
end_of_record
TN:
SF:/Users/sborana/Documents/projects/risk-ident/packages/challenge/src/components/Notification/notification.js
FN:5,(anonymous_0)
FN:21,(anonymous_1)
FN:40,(anonymous_2)
FN:60,(anonymous_3)
FN:65,(anonymous_4)
FN:66,(anonymous_5)
FN:73,(anonymous_6)
FN:77,(anonymous_7)
FN:81,(anonymous_8)
FNF:9
FNH:0
FNDA:0,(anonymous_0)
FNDA:0,(anonymous_1)
FNDA:0,(anonymous_2)
FNDA:0,(anonymous_3)
FNDA:0,(anonymous_4)
FNDA:0,(anonymous_5)
FNDA:0,(anonymous_6)
FNDA:0,(anonymous_7)
FNDA:0,(anonymous_8)
DA:6,0
DA:7,0
DA:10,0
DA:11,0
DA:12,0
DA:13,0
DA:14,0
DA:15,0
DA:16,0
DA:17,0
DA:18,0
DA:22,0
DA:23,0
DA:37,0
DA:41,0
DA:42,0
DA:43,0
DA:44,0
DA:46,0
DA:47,0
DA:49,0
DA:50,0
DA:52,0
DA:53,0
DA:55,0
DA:57,0
DA:61,0
DA:66,0
DA:67,0
DA:68,0
DA:78,0
DA:82,0
LF:32
LH:0
BRDA:42,0,0,0
BRDA:42,0,1,0
BRDA:42,0,2,0
BRDA:42,0,3,0
BRDA:42,0,4,0
BRF:5
BRH:0
end_of_record
